source/app/build/outputs/mapping/release/mapping.txt
# compiler: R8
# compiler_version: 8.5.10
# min_api: 23
# common_typos_disable
# {"id":"com.android.tools.r8.mapping","version":"2.2"}
# pg_map_id: ba3f447
# pg_map_hash: SHA-256 ba3f447b5308ff6f7043f70c670e9ab3c0df0f4e6ce8557f26d208255a69f57d
br.dev.ufersa.dev.group_02.anderson.twa.Application -> br.dev.ufersa.dev.group_02.anderson.twa.Application:
# {"id":"sourceFile","fileName":"Application.java"}
br.dev.ufersa.dev.group_02.anderson.twa.DelegationService -> br.dev.ufersa.dev.group_02.anderson.twa.DelegationService:
# {"id":"sourceFile","fileName":"DelegationService.java"}
br.dev.ufersa.dev.group_02.anderson.twa.LauncherActivity -> br.dev.ufersa.dev.group_02.anderson.twa.LauncherActivity:
# {"id":"sourceFile","fileName":"LauncherActivity.java"}
    1:1:android.net.Uri getLaunchingUrl():0:0 -> h
...
com.google.androidbrowserhelper.trusted.ManageDataLauncherActivity$$ExternalSyntheticApiModelOutline7 -> n.q:
# {"id":"sourceFile","fileName":"R8$$SyntheticClass"}
# {"id":"com.android.tools.r8.synthesized"}
    1:1:android.content.pm.ShortcutInfo$Builder n.ManageDataLauncherActivity$$ExternalSyntheticApiModelOutline7.m(android.content.pm.ShortcutInfo$Builder,android.content.Intent):0:0 -> a
      # {"id":"com.android.tools.r8.synthesized"}
com.google.androidbrowserhelper.trusted.ManageDataLauncherActivity$$ExternalSyntheticApiModelOutline8 -> n.r:
# {"id":"sourceFile","fileName":"R8$$SyntheticClass"}
# {"id":"com.android.tools.r8.synthesized"}
    1:1:android.content.pm.ShortcutInfo n.ManageDataLauncherActivity$$ExternalSyntheticApiModelOutline8.m(android.content.pm.ShortcutInfo$Builder):0:0 -> a
      # {"id":"com.android.tools.r8.synthesized"}
com.google.androidbrowserhelper.trusted.ManageDataLauncherActivity$$ExternalSyntheticApiModelOutline9 -> n.s:
# {"id":"sourceFile","fileName":"R8$$SyntheticClass"}
# {"id":"com.android.tools.r8.synthesized"}
    1:1:android.content.pm.ShortcutInfo$Builder n.ManageDataLauncherActivity$$ExternalSyntheticApiModelOutline9.m(android.content.Context,java.lang.String):0:0 -> a
      # {"id":"com.android.tools.r8.synthesized"}
com.google.androidbrowserhelper.trusted.ManageDataLauncherActivity$1 -> com.google.androidbrowserhelper.trusted.ManageDataLauncherActivity$a:
# {"id":"sourceFile","fileName":"ManageDataLauncherActivity.java"}
com.google.androidbrowserhelper.trusted.ManageDataLauncherActivity$Connection -> com.google.androidbrowserhelper.trusted.ManageDataLauncherActivity$b:
# {"id":"sourceFile","fileName":"ManageDataLauncherActivity.java"}
    com.google.androidbrowserhelper.trusted.ManageDataLauncherActivity this$0 -> b
    1:1:void <init>(com.google.androidbrowserhelper.trusted.ManageDataLauncherActivity):0:0 -> <init>
    2:2:void <init>(com.google.androidbrowserhelper.trusted.ManageDataLauncherActivity,com.google.androidbrowserhelper.trusted.ManageDataLauncherActivity$1):0:0 -> <init>
      # {"id":"com.android.tools.r8.residualsignature","signature":"(Lcom/google/androidbrowserhelper/trusted/ManageDataLauncherActivity;Lcom/google/androidbrowserhelper/trusted/ManageDataLauncherActivity$a;)V"}
    1:19:void onCustomTabsServiceConnected(android.content.ComponentName,androidx.browser.customtabs.CustomTabsClient):0:0 -> a
      # {"id":"com.android.tools.r8.residualsignature","signature":"(Landroid/content/ComponentName;Le/c;)V"}