source/app/build/outputs/mapping/release/usage.txt
br.dev.ufersa.dev.group_02.anderson.twa.R$bool
br.dev.ufersa.dev.group_02.anderson.twa.R$color
br.dev.ufersa.dev.group_02.anderson.twa.R$drawable
br.dev.ufersa.dev.group_02.anderson.twa.R$integer
br.dev.ufersa.dev.group_02.anderson.twa.R$mipmap
br.dev.ufersa.dev.group_02.anderson.twa.R$raw
br.dev.ufersa.dev.group_02.anderson.twa.R$string
br.dev.ufersa.dev.group_02.anderson.twa.R$xml
br.dev.ufersa.dev.group_02.anderson.twa.R
...
androidx.core.text.BidiFormatter$Builder
androidx.core.text.BidiFormatter$DirectionalityEstimator
androidx.core.text.BidiFormatter
androidx.core.text.HtmlCompat
androidx.core.text.ICUCompat
androidx.core.text.PrecomputedTextCompat$Params$Builder
androidx.core.text.PrecomputedTextCompat$Params
androidx.core.text.PrecomputedTextCompat$PrecomputedTextFutureTask$PrecomputedTextCallback
androidx.core.text.PrecomputedTextCompat$PrecomputedTextFutureTask
androidx.core.text.PrecomputedTextCompat
androidx.core.text.TextDirectionHeuristicCompat
androidx.core.text.TextDirectionHeuristicsCompat$AnyStrong
androidx.core.text.TextDirectionHeuristicsCompat$FirstStrong
androidx.core.text.TextDirectionHeuristicsCompat$TextDirectionAlgorithm
androidx.core.text.TextDirectionHeuristicsCompat$TextDirectionHeuristicImpl
androidx.core.text.TextDirectionHeuristicsCompat$TextDirectionHeuristicInternal
androidx.core.text.TextDirectionHeuristicsCompat$TextDirectionHeuristicLocale
androidx.core.text.TextDirectionHeuristicsCompat
androidx.core.text.TextUtilsCompat
androidx.core.text.util.FindAddress$ZipRange
androidx.core.text.util.FindAddress
androidx.core.text.util.LinkifyCompat$1
androidx.core.text.util.LinkifyCompat$LinkSpec
androidx.core.text.util.LinkifyCompat$LinkifyMask
androidx.core.text.util.LinkifyCompat
androidx.core.util.AtomicFile
androidx.core.util.Consumer
androidx.core.util.DebugUtils
androidx.core.util.LogWriter
androidx.core.util.ObjectsCompat
androidx.core.util.Pair
androidx.core.util.PatternsCompat
androidx.core.util.Pools$Pool
androidx.core.util.Pools$SimplePool
androidx.core.util.Pools$SynchronizedPool
androidx.core.util.Pools
androidx.core.util.Preconditions
androidx.core.util.Supplier
androidx.core.util.TimeUtils
androidx.core.view.AccessibilityDelegateCompat$AccessibilityDelegateAdapter
androidx.core.view.AccessibilityDelegateCompat
androidx.core.view.ActionProvider$SubUiVisibilityListener
androidx.core.view.ActionProvider$VisibilityListener
androidx.core.view.ActionProvider
androidx.core.view.DisplayCutoutCompat
androidx.core.view.DragAndDropPermissionsCompat
androidx.core.view.DragStartHelper$1
androidx.core.view.DragStartHelper$2
androidx.core.view.DragStartHelper$OnDragStartListener
androidx.core.view.DragStartHelper
androidx.core.view.GestureDetectorCompat$GestureDetectorCompatImpl
androidx.core.view.GestureDetectorCompat$GestureDetectorCompatImplBase$GestureHandler
androidx.core.view.GestureDetectorCompat$GestureDetectorCompatImplBase
androidx.core.view.GestureDetectorCompat$GestureDetectorCompatImplJellybeanMr2
androidx.core.view.GestureDetectorCompat
androidx.core.view.GravityCompat
androidx.core.view.InputDeviceCompat
androidx.core.view.KeyEventDispatcher$Component
androidx.core.view.KeyEventDispatcher
androidx.core.view.LayoutInflaterCompat$Factory2Wrapper
androidx.core.view.LayoutInflaterCompat
androidx.core.view.LayoutInflaterFactory
androidx.core.view.MarginLayoutParamsCompat
androidx.core.view.MenuCompat
androidx.core.view.MenuItemCompat$1
androidx.core.view.MenuItemCompat$OnActionExpandListener
androidx.core.view.MenuItemCompat
androidx.core.view.MotionEventCompat
androidx.core.view.NestedScrollingChild2
androidx.core.view.NestedScrollingChild3
androidx.core.view.NestedScrollingChild
androidx.core.view.NestedScrollingChildHelper
androidx.core.view.NestedScrollingParent2
androidx.core.view.NestedScrollingParent3
androidx.core.view.NestedScrollingParent
androidx.core.view.NestedScrollingParentHelper
androidx.core.view.OnApplyWindowInsetsListener
androidx.core.view.OneShotPreDrawListener
androidx.core.view.PointerIconCompat
androidx.core.view.ScaleGestureDetectorCompat
androidx.core.view.ScrollingView
androidx.core.view.TintableBackgroundView
androidx.core.view.VelocityTrackerCompat
androidx.core.view.ViewCompat$1
androidx.core.view.ViewCompat$2
androidx.core.view.ViewCompat$3
androidx.core.view.ViewCompat$4
androidx.core.view.ViewCompat$5
androidx.core.view.ViewCompat$AccessibilityPaneVisibilityManager